<?xml version="1.0" encoding="UTF-8"?>
<testsuite xmlns:xsi="http://www.w3.org/2001/XMLSchema-instance" xsi:noNamespaceSchemaLocation="https://maven.apache.org/surefire/maven-surefire-plugin/xsd/surefire-test-report-3.0.xsd" version="3.0" name="com.example.demo.services.FileManagementTests" time="4.082" tests="9" errors="0" skipped="0" failures="0">
  <properties>
[...]
</properties>
  <testcase name="addFileTest" classname="com.example.demo.services.FileManagementTests" time="1.665">
    <system-out><![CDATA[2021-12-05 12:19:09.117  INFO 21584 --- [           main] .b.t.c.SpringBootTestContextBootstrapper : Neither @ContextConfiguration nor @ContextHierarchy found for test class [com.example.demo.services.FileManagementTests], using SpringBootContextLoader
2021-12-05 12:19:09.117  INFO 21584 --- [           main] o.s.t.c.support.AbstractContextLoader    : Could not detect default resource locations for test class [com.example.demo.services.FileManagementTests]: no resource found for suffixes {-context.xml, Context.groovy}.
2021-12-05 12:19:09.118  INFO 21584 --- [           main] t.c.s.AnnotationConfigContextLoaderUtils : Could not detect default configuration classes for test class [com.example.demo.services.FileManagementTests]: FileManagementTests does not declare any static, non-private, non-final, nested classes annotated with @Configuration.
2021-12-05 12:19:09.119  INFO 21584 --- [           main] .b.t.c.SpringBootTestContextBootstrapper : Found @SpringBootConfiguration com.example.demo.ProjectManagement for test class com.example.demo.services.FileManagementTests
2021-12-05 12:19:09.120  INFO 21584 --- [           main] .b.t.c.SpringBootTestContextBootstrapper : Loaded default TestExecutionListener class names from location [META-INF/spring.factories]: [org.springframework.boot.test.mock.mockito.MockitoTestExecutionListener, org.springframework.boot.test.mock.mockito.ResetMocksTestExecutionListener, org.springframework.boot.test.autoconfigure.restdocs.RestDocsTestExecutionListener, org.springframework.boot.test.autoconfigure.web.client.MockRestServiceServerResetTestExecutionListener, org.springframework.boot.test.autoconfigure.web.servlet.MockMvcPrintOnlyOnFailureTestExecutionListener, org.springframework.boot.test.autoconfigure.web.servlet.WebDriverTestExecutionListener, org.springframework.boot.test.autoconfigure.webservices.client.MockWebServiceServerTestExecutionListener, org.springframework.test.context.web.ServletTestExecutionListener, org.springframework.test.context.support.DirtiesContextBeforeModesTestExecutionListener, org.springframework.test.context.event.ApplicationEventsTestExecutionListener, org.springframework.test.context.support.DependencyInjectionTestExecutionListener, org.springframework.test.context.support.DirtiesContextTestExecutionListener, org.springframework.test.context.transaction.TransactionalTestExecutionListener, org.springframework.test.context.jdbc.SqlScriptsTestExecutionListener, org.springframework.test.context.event.EventPublishingTestExecutionListener, org.springframework.security.test.context.support.WithSecurityContextTestExecutionListener, org.springframework.security.test.context.support.ReactorContextTestExecutionListener]
2021-12-05 12:19:09.120  INFO 21584 --- [           main] .b.t.c.SpringBootTestContextBootstrapper : Using TestExecutionListeners: [org.springframework.test.context.web.ServletTestExecutionListener@2200d281, org.springframework.test.context.support.DirtiesContextBeforeModesTestExecutionListener@643b798d, org.springframework.test.context.event.ApplicationEventsTestExecutionListener@25e08c3b, org.springframework.boot.test.mock.mockito.MockitoTestExecutionListener@f625021, org.springframework.boot.test.autoconfigure.SpringBootDependencyInjectionTestExecutionListener@2bd20f96, org.springframework.test.context.support.DirtiesContextTestExecutionListener@149afc70, org.springframework.test.context.transaction.TransactionalTestExecutionListener@353a2b8c, org.springframework.test.context.jdbc.SqlScriptsTestExecutionListener@28449652, org.springframework.test.context.event.EventPublishingTestExecutionListener@13d19273, org.springframework.security.test.context.support.WithSecurityContextTestExecutionListener@506b8505, org.springframework.security.test.context.support.ReactorContextTestExecutionListener@34e9a2cf, org.springframework.boot.test.mock.mockito.ResetMocksTestExecutionListener@38934406, org.springframework.boot.test.autoconfigure.restdocs.RestDocsTestExecutionListener@27ce0b6d, org.springframework.boot.test.autoconfigure.web.client.MockRestServiceServerResetTestExecutionListener@2b81e13c, org.springframework.boot.test.autoconfigure.web.servlet.MockMvcPrintOnlyOnFailureTestExecutionListener@5287c159, org.springframework.boot.test.autoconfigure.web.servlet.WebDriverTestExecutionListener@70961c7b, org.springframework.boot.test.autoconfigure.webservices.client.MockWebServiceServerTestExecutionListener@2754e467]
]]></system-out>
  </testcase>
  <testcase name="deleteAllFilesTest" classname="com.example.demo.services.FileManagementTests" time="0.221"/>
  <testcase name="uploadToCloudinaryTest" classname="com.example.demo.services.FileManagementTests" time="0.403"/>
  <testcase name="getFileByAssetIdTest" classname="com.example.demo.services.FileManagementTests" time="0.222"/>
  <testcase name="deleteFileByAssetIdTest" classname="com.example.demo.services.FileManagementTests" time="0.226"/>
  <testcase name="updateFileByIdAndAssetIdTest" classname="com.example.demo.services.FileManagementTests" time="0.663"/>
  <testcase name="getAllFilesTest" classname="com.example.demo.services.FileManagementTests" time="0.44"/>
  <testcase name="FileCountTest" classname="com.example.demo.services.FileManagementTests" time="0.004"/>
  <testcase name="getFileByIdTest" classname="com.example.demo.services.FileManagementTests" time="0.221"/>
</testsuite>